<?xml version="1.0" encoding="UTF-8"?>
<testsuite name="com.ojs.homepage.springboot.domain.posts.PostsRepositoryTest" tests="2" skipped="0" failures="0" errors="0" timestamp="2020-03-31T17:03:48" hostname="studypc" time="0.128">
  <properties/>
  <testcase name="select_board" classname="com.ojs.homepage.springboot.domain.posts.PostsRepositoryTest" time="0.083"/>
  <testcase name="BaseTimeEntity_save" classname="com.ojs.homepage.springboot.domain.posts.PostsRepositoryTest" time="0.043"/>
  <system-out><![CDATA[2020-04-01 02:03:43.337  INFO 48296 --- [    Test worker] .b.t.c.SpringBootTestContextBootstrapper : Neither @ContextConfiguration nor @ContextHierarchy found for test class [com.ojs.homepage.springboot.domain.posts.PostsRepositoryTest], using SpringBootContextLoader
2020-04-01 02:03:43.344  INFO 48296 --- [    Test worker] o.s.t.c.support.AbstractContextLoader    : Could not detect default resource locations for test class [com.ojs.homepage.springboot.domain.posts.PostsRepositoryTest]: no resource found for suffixes {-context.xml, Context.groovy}.
2020-04-01 02:03:43.346  INFO 48296 --- [    Test worker] t.c.s.AnnotationConfigContextLoaderUtils : Could not detect default configuration classes for test class [com.ojs.homepage.springboot.domain.posts.PostsRepositoryTest]: PostsRepositoryTest does not declare any static, non-private, non-final, nested classes annotated with @Configuration.
2020-04-01 02:03:43.397  INFO 48296 --- [    Test worker] .b.t.c.SpringBootTestContextBootstrapper : Found @SpringBootConfiguration com.ojs.homepage.springboot.Application for test class com.ojs.homepage.springboot.domain.posts.PostsRepositoryTest
2020-04-01 02:03:43.405  INFO 48296 --- [    Test worker] .b.t.c.SpringBootTestContextBootstrapper : Loaded default TestExecutionListener class names from location [META-INF/spring.factories]: [org.springframework.security.test.context.support.WithSecurityContextTestExecutionListener, org.springframework.security.test.context.support.ReactorContextTestExecutionListener, org.springframework.boot.test.autoconfigure.restdocs.RestDocsTestExecutionListener, org.springframework.boot.test.autoconfigure.web.client.MockRestServiceServerResetTestExecutionListener, org.springframework.boot.test.autoconfigure.web.servlet.MockMvcPrintOnlyOnFailureTestExecutionListener, org.springframework.boot.test.autoconfigure.web.servlet.WebDriverTestExecutionListener, org.springframework.boot.test.mock.mockito.MockitoTestExecutionListener, org.springframework.boot.test.mock.mockito.ResetMocksTestExecutionListener, org.springframework.test.context.web.ServletTestExecutionListener, org.springframework.test.context.support.DirtiesContextBeforeModesTestExecutionListener, org.springframework.test.context.support.DependencyInjectionTestExecutionListener, org.springframework.test.context.support.DirtiesContextTestExecutionListener, org.springframework.test.context.transaction.TransactionalTestExecutionListener, org.springframework.test.context.jdbc.SqlScriptsTestExecutionListener]
2020-04-01 02:03:43.419  INFO 48296 --- [    Test worker] .b.t.c.SpringBootTestContextBootstrapper : Using TestExecutionListeners: [org.springframework.test.context.web.ServletTestExecutionListener@5cb09250, org.springframework.test.context.support.DirtiesContextBeforeModesTestExecutionListener@271b73c1, org.springframework.boot.test.mock.mockito.MockitoTestExecutionListener@4bc95e25, org.springframework.boot.test.autoconfigure.SpringBootDependencyInjectionTestExecutionListener@79c82af0, org.springframework.test.context.support.DirtiesContextTestExecutionListener@2132058b, org.springframework.test.context.transaction.TransactionalTestExecutionListener@5dcbff17, org.springframework.test.context.jdbc.SqlScriptsTestExecutionListener@5cf2bafd, org.springframework.security.test.context.support.WithSecurityContextTestExecutionListener@64d58439, org.springframework.security.test.context.support.ReactorContextTestExecutionListener@557adb75, org.springframework.boot.test.autoconfigure.restdocs.RestDocsTestExecutionListener@574ba58a, org.springframework.boot.test.autoconfigure.web.client.MockRestServiceServerResetTestExecutionListener@1ea7d8cc, org.springframework.boot.test.autoconfigure.web.servlet.MockMvcPrintOnlyOnFailureTestExecutionListener@561b736d, org.springframework.boot.test.autoconfigure.web.servlet.WebDriverTestExecutionListener@5539bba8, org.springframework.boot.test.mock.mockito.ResetMocksTestExecutionListener@5f542370]

  .   ____          _            __ _ _
 /\\ / ___'_ __ _ _(_)_ __  __ _ \ \ \ \
( ( )\___ | '_ | '_| | '_ \/ _` | \ \ \ \
 \\/  ___)| |_)| | | | | || (_| |  ) ) ) )
  '  |____| .__|_| |_|_| |_\__, | / / / /
 =========|_|==============|___/=/_/_/_/
 :: Spring Boot ::        (v2.1.7.RELEASE)

2020-04-01 02:03:43.535  INFO 48296 --- [    Test worker] c.o.h.s.d.posts.PostsRepositoryTest      : Starting PostsRepositoryTest on studypc with PID 48296 (started by ojs in E:\PROJECT\github\aws\homepage)
2020-04-01 02:03:43.536  INFO 48296 --- [    Test worker] c.o.h.s.d.posts.PostsRepositoryTest      : No active profile set, falling back to default profiles: default
2020-04-01 02:03:44.328  INFO 48296 --- [    Test worker] .s.d.r.c.RepositoryConfigurationDelegate : Bootstrapping Spring Data repositories in DEFAULT mode.
2020-04-01 02:03:44.412  INFO 48296 --- [    Test worker] .s.d.r.c.RepositoryConfigurationDelegate : Finished Spring Data repository scanning in 84ms. Found 2 repository interfaces.
2020-04-01 02:03:44.763  INFO 48296 --- [    Test worker] trationDelegate$BeanPostProcessorChecker : Bean 'org.springframework.transaction.annotation.ProxyTransactionManagementConfiguration' of type [org.springframework.transaction.annotation.ProxyTransactionManagementConfiguration$$EnhancerBySpringCGLIB$$715aa23b] is not eligible for getting processed by all BeanPostProcessors (for example: not eligible for auto-proxying)
2020-04-01 02:03:44.997  INFO 48296 --- [    Test worker] com.zaxxer.hikari.HikariDataSource       : HikariPool-2 - Starting...
2020-04-01 02:03:45.004  INFO 48296 --- [    Test worker] com.zaxxer.hikari.HikariDataSource       : HikariPool-2 - Start completed.
2020-04-01 02:03:45.155  INFO 48296 --- [    Test worker] o.hibernate.jpa.internal.util.LogHelper  : HHH000204: Processing PersistenceUnitInfo [
	name: default
	...]
2020-04-01 02:03:45.216  INFO 48296 --- [    Test worker] org.hibernate.dialect.Dialect            : HHH000400: Using dialect: org.hibernate.dialect.MySQL5Dialect
Hibernate: drop table if exists posts
Hibernate: drop table if exists user
Hibernate: create table posts (id bigint not null auto_increment, created_date datetime, modified_date datetime, author varchar(255), content TEXT not null, title varchar(500) not null, primary key (id)) engine=MyISAM
Hibernate: create table user (id bigint not null auto_increment, created_date datetime, modified_date datetime, email varchar(255) not null, name varchar(255) not null, picture varchar(255), role varchar(255) not null, primary key (id)) engine=MyISAM
2020-04-01 02:03:45.485  INFO 48296 --- [    Test worker] o.h.t.schema.internal.SchemaCreatorImpl  : HHH000476: Executing import script 'org.hibernate.tool.schema.internal.exec.ScriptSourceInputNonExistentImpl@2829f501'
2020-04-01 02:03:45.485  INFO 48296 --- [    Test worker] j.LocalContainerEntityManagerFactoryBean : Initialized JPA EntityManagerFactory for persistence unit 'default'
2020-04-01 02:03:46.127  INFO 48296 --- [    Test worker] o.h.h.i.QueryTranslatorFactoryInitiator  : HHH000397: Using ASTQueryTranslatorFactory
2020-04-01 02:03:46.584  INFO 48296 --- [    Test worker] o.s.s.web.DefaultSecurityFilterChain     : Creating filter chain: any request, [org.springframework.security.web.context.request.async.WebAsyncManagerIntegrationFilter@1c9892e2, org.springframework.security.web.context.SecurityContextPersistenceFilter@13857bc5, org.springframework.security.web.header.HeaderWriterFilter@21336016, org.springframework.security.web.authentication.logout.LogoutFilter@27c318c, org.springframework.security.oauth2.client.web.OAuth2AuthorizationRequestRedirectFilter@57af76ec, org.springframework.security.oauth2.client.web.OAuth2LoginAuthenticationFilter@55618d13, org.springframework.security.web.authentication.ui.DefaultLoginPageGeneratingFilter@3a9f3e49, org.springframework.security.web.authentication.ui.DefaultLogoutPageGeneratingFilter@30637a30, org.springframework.security.web.savedrequest.RequestCacheAwareFilter@3eaeddf6, org.springframework.security.web.servletapi.SecurityContextHolderAwareRequestFilter@42739e5, org.springframework.security.web.authentication.AnonymousAuthenticationFilter@1c5772c6, org.springframework.security.web.session.SessionManagementFilter@40cfd939, org.springframework.security.web.access.ExceptionTranslationFilter@55ba71, org.springframework.security.web.access.intercept.FilterSecurityInterceptor@2a70c4ed]
2020-04-01 02:03:47.446  INFO 48296 --- [    Test worker] o.s.s.concurrent.ThreadPoolTaskExecutor  : Initializing ExecutorService 'applicationTaskExecutor'
2020-04-01 02:03:47.496  WARN 48296 --- [    Test worker] aWebConfiguration$JpaWebMvcConfiguration : spring.jpa.open-in-view is enabled by default. Therefore, database queries may be performed during view rendering. Explicitly configure spring.jpa.open-in-view to disable this warning
2020-04-01 02:03:47.574  INFO 48296 --- [    Test worker] o.s.b.a.w.s.WelcomePageHandlerMapping    : Adding welcome page template: index
2020-04-01 02:03:48.955  INFO 48296 --- [    Test worker] s.a.ScheduledAnnotationBeanPostProcessor : No TaskScheduler/ScheduledExecutorService bean found for scheduled processing
2020-04-01 02:03:48.960  INFO 48296 --- [    Test worker] c.o.h.s.d.posts.PostsRepositoryTest      : Started PostsRepositoryTest in 5.537 seconds (JVM running for 38.749)
Hibernate: insert into posts (created_date, modified_date, author, content, title) values (?, ?, ?, ?, ?)
Hibernate: select posts0_.id as id1_0_, posts0_.created_date as created_2_0_, posts0_.modified_date as modified3_0_, posts0_.author as author4_0_, posts0_.content as content5_0_, posts0_.title as title6_0_ from posts posts0_
Hibernate: select posts0_.id as id1_0_, posts0_.created_date as created_2_0_, posts0_.modified_date as modified3_0_, posts0_.author as author4_0_, posts0_.content as content5_0_, posts0_.title as title6_0_ from posts posts0_
Hibernate: delete from posts where id=?
Hibernate: insert into posts (created_date, modified_date, author, content, title) values (?, ?, ?, ?, ?)
Hibernate: select posts0_.id as id1_0_, posts0_.created_date as created_2_0_, posts0_.modified_date as modified3_0_, posts0_.author as author4_0_, posts0_.content as content5_0_, posts0_.title as title6_0_ from posts posts0_
>>>>>>>>>>>> createDate=2020-04-01T02:03:49.065, modifiedDate=2020-04-01T02:03:49.065
Hibernate: select posts0_.id as id1_0_, posts0_.created_date as created_2_0_, posts0_.modified_date as modified3_0_, posts0_.author as author4_0_, posts0_.content as content5_0_, posts0_.title as title6_0_ from posts posts0_
Hibernate: delete from posts where id=?
]]></system-out>
  <system-err><![CDATA[]]></system-err>
</testsuite>
