<?xml version="1.0" encoding="UTF-8"?>
<testsuite name="com.ojs.homepage.springboot.web.dto.HelloResponseDtoTest" tests="1" skipped="0" failures="0" errors="0" timestamp="2020-03-31T17:03:11" hostname="studypc" time="0.136">
  <properties/>
  <testcase name="lombok_test" classname="com.ojs.homepage.springboot.web.dto.HelloResponseDtoTest" time="0.136"/>
  <system-out><![CDATA[]]></system-out>
  <system-err><![CDATA[]]></system-err>
</testsuite>
