<?xml version="1.0" encoding="UTF-8"?>
<testsuite name="com.ojs.homepage.springboot.web.PostsApiControllerTest" tests="2" skipped="0" failures="0" errors="0" timestamp="2020-03-31T17:03:42" hostname="studypc" time="0.541">
  <properties/>
  <testcase name="Posts_update" classname="com.ojs.homepage.springboot.web.PostsApiControllerTest" time="0.488"/>
  <testcase name="Posts_save" classname="com.ojs.homepage.springboot.web.PostsApiControllerTest" time="0.052"/>
  <system-out><![CDATA[2020-04-01 02:03:42.761  INFO 48296 --- [    Test worker] .b.t.c.SpringBootTestContextBootstrapper : Neither @ContextConfiguration nor @ContextHierarchy found for test class [com.ojs.homepage.springboot.web.PostsApiControllerTest], using SpringBootContextLoader
2020-04-01 02:03:42.763  INFO 48296 --- [    Test worker] o.s.t.c.support.AbstractContextLoader    : Could not detect default resource locations for test class [com.ojs.homepage.springboot.web.PostsApiControllerTest]: no resource found for suffixes {-context.xml, Context.groovy}.
2020-04-01 02:03:42.763  INFO 48296 --- [    Test worker] t.c.s.AnnotationConfigContextLoaderUtils : Could not detect default configuration classes for test class [com.ojs.homepage.springboot.web.PostsApiControllerTest]: PostsApiControllerTest does not declare any static, non-private, non-final, nested classes annotated with @Configuration.
2020-04-01 02:03:42.768  INFO 48296 --- [    Test worker] .b.t.c.SpringBootTestContextBootstrapper : Found @SpringBootConfiguration com.ojs.homepage.springboot.Application for test class com.ojs.homepage.springboot.web.PostsApiControllerTest
2020-04-01 02:03:42.771  INFO 48296 --- [    Test worker] .b.t.c.SpringBootTestContextBootstrapper : Loaded default TestExecutionListener class names from location [META-INF/spring.factories]: [org.springframework.security.test.context.support.WithSecurityContextTestExecutionListener, org.springframework.security.test.context.support.ReactorContextTestExecutionListener, org.springframework.boot.test.autoconfigure.restdocs.RestDocsTestExecutionListener, org.springframework.boot.test.autoconfigure.web.client.MockRestServiceServerResetTestExecutionListener, org.springframework.boot.test.autoconfigure.web.servlet.MockMvcPrintOnlyOnFailureTestExecutionListener, org.springframework.boot.test.autoconfigure.web.servlet.WebDriverTestExecutionListener, org.springframework.boot.test.mock.mockito.MockitoTestExecutionListener, org.springframework.boot.test.mock.mockito.ResetMocksTestExecutionListener, org.springframework.test.context.web.ServletTestExecutionListener, org.springframework.test.context.support.DirtiesContextBeforeModesTestExecutionListener, org.springframework.test.context.support.DependencyInjectionTestExecutionListener, org.springframework.test.context.support.DirtiesContextTestExecutionListener, org.springframework.test.context.transaction.TransactionalTestExecutionListener, org.springframework.test.context.jdbc.SqlScriptsTestExecutionListener]
2020-04-01 02:03:42.774  INFO 48296 --- [    Test worker] .b.t.c.SpringBootTestContextBootstrapper : Using TestExecutionListeners: [org.springframework.test.context.web.ServletTestExecutionListener@4079fb1e, org.springframework.test.context.support.DirtiesContextBeforeModesTestExecutionListener@238167d3, org.springframework.boot.test.mock.mockito.MockitoTestExecutionListener@22557966, org.springframework.boot.test.autoconfigure.SpringBootDependencyInjectionTestExecutionListener@173316bc, org.springframework.test.context.support.DirtiesContextTestExecutionListener@181dae4f, org.springframework.test.context.transaction.TransactionalTestExecutionListener@300aed60, org.springframework.test.context.jdbc.SqlScriptsTestExecutionListener@399d2c4e, org.springframework.security.test.context.support.WithSecurityContextTestExecutionListener@36144b37, org.springframework.security.test.context.support.ReactorContextTestExecutionListener@438ee46c, org.springframework.boot.test.autoconfigure.restdocs.RestDocsTestExecutionListener@24086090, org.springframework.boot.test.autoconfigure.web.client.MockRestServiceServerResetTestExecutionListener@74a7d703, org.springframework.boot.test.autoconfigure.web.servlet.MockMvcPrintOnlyOnFailureTestExecutionListener@60fe7753, org.springframework.boot.test.autoconfigure.web.servlet.WebDriverTestExecutionListener@546742a4, org.springframework.boot.test.mock.mockito.ResetMocksTestExecutionListener@338cb458]
2020-04-01 02:03:42.797  INFO 48296 --- [    Test worker] o.a.c.c.C.[Tomcat].[localhost].[/]       : Initializing Spring TestDispatcherServlet ''
2020-04-01 02:03:42.797  INFO 48296 --- [    Test worker] o.s.t.web.servlet.TestDispatcherServlet  : Initializing Servlet ''
2020-04-01 02:03:42.805  INFO 48296 --- [    Test worker] o.s.t.web.servlet.TestDispatcherServlet  : Completed initialization in 6 ms
Hibernate: insert into posts (created_date, modified_date, author, content, title) values (?, ?, ?, ?, ?)
Hibernate: select posts0_.id as id1_0_0_, posts0_.created_date as created_2_0_0_, posts0_.modified_date as modified3_0_0_, posts0_.author as author4_0_0_, posts0_.content as content5_0_0_, posts0_.title as title6_0_0_ from posts posts0_ where posts0_.id=?
Hibernate: update posts set created_date=?, modified_date=?, author=?, content=?, title=? where id=?
Hibernate: select posts0_.id as id1_0_, posts0_.created_date as created_2_0_, posts0_.modified_date as modified3_0_, posts0_.author as author4_0_, posts0_.content as content5_0_, posts0_.title as title6_0_ from posts posts0_
Hibernate: select posts0_.id as id1_0_, posts0_.created_date as created_2_0_, posts0_.modified_date as modified3_0_, posts0_.author as author4_0_, posts0_.content as content5_0_, posts0_.title as title6_0_ from posts posts0_
Hibernate: delete from posts where id=?
2020-04-01 02:03:43.283  INFO 48296 --- [    Test worker] o.a.c.c.C.[Tomcat].[localhost].[/]       : Initializing Spring TestDispatcherServlet ''
2020-04-01 02:03:43.284  INFO 48296 --- [    Test worker] o.s.t.web.servlet.TestDispatcherServlet  : Initializing Servlet ''
2020-04-01 02:03:43.290  INFO 48296 --- [    Test worker] o.s.t.web.servlet.TestDispatcherServlet  : Completed initialization in 6 ms
Hibernate: insert into posts (created_date, modified_date, author, content, title) values (?, ?, ?, ?, ?)
Hibernate: select posts0_.id as id1_0_, posts0_.created_date as created_2_0_, posts0_.modified_date as modified3_0_, posts0_.author as author4_0_, posts0_.content as content5_0_, posts0_.title as title6_0_ from posts posts0_
Hibernate: select posts0_.id as id1_0_, posts0_.created_date as created_2_0_, posts0_.modified_date as modified3_0_, posts0_.author as author4_0_, posts0_.content as content5_0_, posts0_.title as title6_0_ from posts posts0_
Hibernate: delete from posts where id=?
]]></system-out>
  <system-err><![CDATA[]]></system-err>
</testsuite>
