<?xml version="1.0" encoding="UTF-8"?>
<testsuite name="com.ojs.homepage.springboot.web.IndexControllerTest" tests="1" skipped="0" failures="0" errors="0" timestamp="2020-03-31T17:03:38" hostname="studypc" time="1.339">
  <properties/>
  <testcase name="mainpage_loading" classname="com.ojs.homepage.springboot.web.IndexControllerTest" time="1.339"/>
  <system-out><![CDATA[02:03:11.719 [Test worker] DEBUG org.springframework.test.context.junit4.SpringJUnit4ClassRunner - SpringJUnit4ClassRunner constructor called with [class com.ojs.homepage.springboot.web.IndexControllerTest]
02:03:11.742 [Test worker] DEBUG org.springframework.test.context.BootstrapUtils - Instantiating CacheAwareContextLoaderDelegate from class [org.springframework.test.context.cache.DefaultCacheAwareContextLoaderDelegate]
02:03:11.784 [Test worker] DEBUG org.springframework.test.context.BootstrapUtils - Instantiating BootstrapContext using constructor [public org.springframework.test.context.support.DefaultBootstrapContext(java.lang.Class,org.springframework.test.context.CacheAwareContextLoaderDelegate)]
02:03:11.865 [Test worker] DEBUG org.springframework.test.context.BootstrapUtils - Instantiating TestContextBootstrapper for test class [com.ojs.homepage.springboot.web.IndexControllerTest] from class [org.springframework.boot.test.context.SpringBootTestContextBootstrapper]
02:03:11.915 [Test worker] INFO org.springframework.boot.test.context.SpringBootTestContextBootstrapper - Neither @ContextConfiguration nor @ContextHierarchy found for test class [com.ojs.homepage.springboot.web.IndexControllerTest], using SpringBootContextLoader
02:03:11.926 [Test worker] DEBUG org.springframework.test.context.support.AbstractContextLoader - Did not detect default resource location for test class [com.ojs.homepage.springboot.web.IndexControllerTest]: class path resource [com/ojs/homepage/springboot/web/IndexControllerTest-context.xml] does not exist
02:03:11.927 [Test worker] DEBUG org.springframework.test.context.support.AbstractContextLoader - Did not detect default resource location for test class [com.ojs.homepage.springboot.web.IndexControllerTest]: class path resource [com/ojs/homepage/springboot/web/IndexControllerTestContext.groovy] does not exist
02:03:11.929 [Test worker] INFO org.springframework.test.context.support.AbstractContextLoader - Could not detect default resource locations for test class [com.ojs.homepage.springboot.web.IndexControllerTest]: no resource found for suffixes {-context.xml, Context.groovy}.
02:03:11.931 [Test worker] INFO org.springframework.test.context.support.AnnotationConfigContextLoaderUtils - Could not detect default configuration classes for test class [com.ojs.homepage.springboot.web.IndexControllerTest]: IndexControllerTest does not declare any static, non-private, non-final, nested classes annotated with @Configuration.
02:03:12.082 [Test worker] DEBUG org.springframework.test.context.support.ActiveProfilesUtils - Could not find an 'annotation declaring class' for annotation type [org.springframework.test.context.ActiveProfiles] and class [com.ojs.homepage.springboot.web.IndexControllerTest]
02:03:12.304 [Test worker] DEBUG org.springframework.context.annotation.ClassPathScanningCandidateComponentProvider - Identified candidate component class: file [E:\PROJECT\github\aws\homepage\build\classes\java\main\com\ojs\homepage\springboot\Application.class]
02:03:12.308 [Test worker] INFO org.springframework.boot.test.context.SpringBootTestContextBootstrapper - Found @SpringBootConfiguration com.ojs.homepage.springboot.Application for test class com.ojs.homepage.springboot.web.IndexControllerTest
02:03:12.611 [Test worker] DEBUG org.springframework.boot.test.context.SpringBootTestContextBootstrapper - @TestExecutionListeners is not present for class [com.ojs.homepage.springboot.web.IndexControllerTest]: using defaults.
02:03:12.614 [Test worker] INFO org.springframework.boot.test.context.SpringBootTestContextBootstrapper - Loaded default TestExecutionListener class names from location [META-INF/spring.factories]: [org.springframework.security.test.context.support.WithSecurityContextTestExecutionListener, org.springframework.security.test.context.support.ReactorContextTestExecutionListener, org.springframework.boot.test.autoconfigure.restdocs.RestDocsTestExecutionListener, org.springframework.boot.test.autoconfigure.web.client.MockRestServiceServerResetTestExecutionListener, org.springframework.boot.test.autoconfigure.web.servlet.MockMvcPrintOnlyOnFailureTestExecutionListener, org.springframework.boot.test.autoconfigure.web.servlet.WebDriverTestExecutionListener, org.springframework.boot.test.mock.mockito.MockitoTestExecutionListener, org.springframework.boot.test.mock.mockito.ResetMocksTestExecutionListener, org.springframework.test.context.web.ServletTestExecutionListener, org.springframework.test.context.support.DirtiesContextBeforeModesTestExecutionListener, org.springframework.test.context.support.DependencyInjectionTestExecutionListener, org.springframework.test.context.support.DirtiesContextTestExecutionListener, org.springframework.test.context.transaction.TransactionalTestExecutionListener, org.springframework.test.context.jdbc.SqlScriptsTestExecutionListener]
02:03:12.678 [Test worker] INFO org.springframework.boot.test.context.SpringBootTestContextBootstrapper - Using TestExecutionListeners: [org.springframework.test.context.web.ServletTestExecutionListener@4add3e73, org.springframework.test.context.support.DirtiesContextBeforeModesTestExecutionListener@14f0e461, org.springframework.boot.test.mock.mockito.MockitoTestExecutionListener@7b97c60f, org.springframework.boot.test.autoconfigure.SpringBootDependencyInjectionTestExecutionListener@b6a6eed, org.springframework.test.context.support.DirtiesContextTestExecutionListener@2867e755, org.springframework.test.context.transaction.TransactionalTestExecutionListener@3ba7ddd4, org.springframework.test.context.jdbc.SqlScriptsTestExecutionListener@7e45c311, org.springframework.security.test.context.support.WithSecurityContextTestExecutionListener@2600d732, org.springframework.security.test.context.support.ReactorContextTestExecutionListener@314ac1e8, org.springframework.boot.test.autoconfigure.restdocs.RestDocsTestExecutionListener@3406f368, org.springframework.boot.test.autoconfigure.web.client.MockRestServiceServerResetTestExecutionListener@640be3b2, org.springframework.boot.test.autoconfigure.web.servlet.MockMvcPrintOnlyOnFailureTestExecutionListener@44921146, org.springframework.boot.test.autoconfigure.web.servlet.WebDriverTestExecutionListener@23b0ddbd, org.springframework.boot.test.mock.mockito.ResetMocksTestExecutionListener@202ef710]
02:03:12.684 [Test worker] DEBUG org.springframework.test.annotation.ProfileValueUtils - Retrieved @ProfileValueSourceConfiguration [null] for test class [com.ojs.homepage.springboot.web.IndexControllerTest]
02:03:12.685 [Test worker] DEBUG org.springframework.test.annotation.ProfileValueUtils - Retrieved ProfileValueSource type [class org.springframework.test.annotation.SystemProfileValueSource] for class [com.ojs.homepage.springboot.web.IndexControllerTest]
02:03:12.686 [Test worker] DEBUG org.springframework.test.annotation.ProfileValueUtils - Retrieved @ProfileValueSourceConfiguration [null] for test class [com.ojs.homepage.springboot.web.IndexControllerTest]
02:03:12.686 [Test worker] DEBUG org.springframework.test.annotation.ProfileValueUtils - Retrieved ProfileValueSource type [class org.springframework.test.annotation.SystemProfileValueSource] for class [com.ojs.homepage.springboot.web.IndexControllerTest]
02:03:12.695 [Test worker] DEBUG org.springframework.test.context.support.AbstractDirtiesContextTestExecutionListener - Before test class: context [DefaultTestContext@6a604fb7 testClass = IndexControllerTest, testInstance = [null], testMethod = [null], testException = [null], mergedContextConfiguration = [WebMergedContextConfiguration@6b11cb7b testClass = IndexControllerTest, locations = '{}', classes = '{class com.ojs.homepage.springboot.Application}', contextInitializerClasses = '[]', activeProfiles = '{}', propertySourceLocations = '{}', propertySourceProperties = '{org.springframework.boot.test.context.SpringBootTestContextBootstrapper=true, server.port=0}', contextCustomizers = set[org.springframework.boot.test.autoconfigure.properties.PropertyMappingContextCustomizer@0, org.springframework.boot.test.autoconfigure.web.servlet.WebDriverContextCustomizerFactory$Customizer@10e424d1, org.springframework.boot.test.context.filter.ExcludeFilterContextCustomizer@117527c6, org.springframework.boot.test.json.DuplicateJsonObjectContextCustomizerFactory$DuplicateJsonObjectContextCustomizer@4fc9f002, org.springframework.boot.test.mock.mockito.MockitoContextCustomizer@0, org.springframework.boot.test.web.client.TestRestTemplateContextCustomizer@7eb658d8], resourceBasePath = 'src/main/webapp', contextLoader = 'org.springframework.boot.test.context.SpringBootContextLoader', parent = [null]], attributes = map['org.springframework.test.context.web.ServletTestExecutionListener.activateListener' -> false]], class annotated with @DirtiesContext [false] with mode [null].
02:03:12.696 [Test worker] DEBUG org.springframework.test.annotation.ProfileValueUtils - Retrieved @ProfileValueSourceConfiguration [null] for test class [com.ojs.homepage.springboot.web.IndexControllerTest]
02:03:12.696 [Test worker] DEBUG org.springframework.test.annotation.ProfileValueUtils - Retrieved ProfileValueSource type [class org.springframework.test.annotation.SystemProfileValueSource] for class [com.ojs.homepage.springboot.web.IndexControllerTest]
02:03:12.708 [Test worker] DEBUG org.springframework.test.context.support.DependencyInjectionTestExecutionListener - Performing dependency injection for test context [[DefaultTestContext@6a604fb7 testClass = IndexControllerTest, testInstance = com.ojs.homepage.springboot.web.IndexControllerTest@1846f761, testMethod = [null], testException = [null], mergedContextConfiguration = [WebMergedContextConfiguration@6b11cb7b testClass = IndexControllerTest, locations = '{}', classes = '{class com.ojs.homepage.springboot.Application}', contextInitializerClasses = '[]', activeProfiles = '{}', propertySourceLocations = '{}', propertySourceProperties = '{org.springframework.boot.test.context.SpringBootTestContextBootstrapper=true, server.port=0}', contextCustomizers = set[org.springframework.boot.test.autoconfigure.properties.PropertyMappingContextCustomizer@0, org.springframework.boot.test.autoconfigure.web.servlet.WebDriverContextCustomizerFactory$Customizer@10e424d1, org.springframework.boot.test.context.filter.ExcludeFilterContextCustomizer@117527c6, org.springframework.boot.test.json.DuplicateJsonObjectContextCustomizerFactory$DuplicateJsonObjectContextCustomizer@4fc9f002, org.springframework.boot.test.mock.mockito.MockitoContextCustomizer@0, org.springframework.boot.test.web.client.TestRestTemplateContextCustomizer@7eb658d8], resourceBasePath = 'src/main/webapp', contextLoader = 'org.springframework.boot.test.context.SpringBootContextLoader', parent = [null]], attributes = map['org.springframework.test.context.web.ServletTestExecutionListener.activateListener' -> false]]].
02:03:12.755 [Test worker] DEBUG org.springframework.test.context.support.TestPropertySourceUtils - Adding inlined properties to environment: {spring.jmx.enabled=false, org.springframework.boot.test.context.SpringBootTestContextBootstrapper=true, server.port=0}

  .   ____          _            __ _ _
 /\\ / ___'_ __ _ _(_)_ __  __ _ \ \ \ \
( ( )\___ | '_ | '_| | '_ \/ _` | \ \ \ \
 \\/  ___)| |_)| | | | | || (_| |  ) ) ) )
  '  |____| .__|_| |_|_| |_\__, | / / / /
 =========|_|==============|___/=/_/_/_/
 :: Spring Boot ::        (v2.1.7.RELEASE)

2020-04-01 02:03:13.499  INFO 48296 --- [    Test worker] c.o.h.s.web.IndexControllerTest          : Starting IndexControllerTest on studypc with PID 48296 (started by ojs in E:\PROJECT\github\aws\homepage)
2020-04-01 02:03:13.501  INFO 48296 --- [    Test worker] c.o.h.s.web.IndexControllerTest          : No active profile set, falling back to default profiles: default
2020-04-01 02:03:16.285  INFO 48296 --- [    Test worker] .s.d.r.c.RepositoryConfigurationDelegate : Bootstrapping Spring Data repositories in DEFAULT mode.
2020-04-01 02:03:16.492  INFO 48296 --- [    Test worker] .s.d.r.c.RepositoryConfigurationDelegate : Finished Spring Data repository scanning in 174ms. Found 2 repository interfaces.
2020-04-01 02:03:17.951  INFO 48296 --- [    Test worker] trationDelegate$BeanPostProcessorChecker : Bean 'org.springframework.transaction.annotation.ProxyTransactionManagementConfiguration' of type [org.springframework.transaction.annotation.ProxyTransactionManagementConfiguration$$EnhancerBySpringCGLIB$$715aa23b] is not eligible for getting processed by all BeanPostProcessors (for example: not eligible for auto-proxying)
2020-04-01 02:03:25.950  INFO 48296 --- [    Test worker] o.s.b.w.embedded.tomcat.TomcatWebServer  : Tomcat initialized with port(s): 0 (http)
2020-04-01 02:03:26.012  INFO 48296 --- [    Test worker] o.apache.catalina.core.StandardService   : Starting service [Tomcat]
2020-04-01 02:03:26.015  INFO 48296 --- [    Test worker] org.apache.catalina.core.StandardEngine  : Starting Servlet engine: [Apache Tomcat/9.0.22]
2020-04-01 02:03:26.400  INFO 48296 --- [    Test worker] o.a.c.c.C.[Tomcat].[localhost].[/]       : Initializing Spring embedded WebApplicationContext
2020-04-01 02:03:26.401  INFO 48296 --- [    Test worker] o.s.web.context.ContextLoader            : Root WebApplicationContext: initialization completed in 12834 ms
2020-04-01 02:03:27.253  INFO 48296 --- [    Test worker] com.zaxxer.hikari.HikariDataSource       : HikariPool-1 - Starting...
2020-04-01 02:03:27.696  INFO 48296 --- [    Test worker] com.zaxxer.hikari.HikariDataSource       : HikariPool-1 - Start completed.
2020-04-01 02:03:28.111  INFO 48296 --- [    Test worker] o.hibernate.jpa.internal.util.LogHelper  : HHH000204: Processing PersistenceUnitInfo [
	name: default
	...]
2020-04-01 02:03:28.292  INFO 48296 --- [    Test worker] org.hibernate.Version                    : HHH000412: Hibernate Core {5.3.10.Final}
2020-04-01 02:03:28.298  INFO 48296 --- [    Test worker] org.hibernate.cfg.Environment            : HHH000206: hibernate.properties not found
2020-04-01 02:03:28.760  INFO 48296 --- [    Test worker] o.hibernate.annotations.common.Version   : HCANN000001: Hibernate Commons Annotations {5.0.4.Final}
2020-04-01 02:03:29.193  INFO 48296 --- [    Test worker] org.hibernate.dialect.Dialect            : HHH000400: Using dialect: org.hibernate.dialect.MySQL5Dialect
Hibernate: drop table if exists posts
Hibernate: drop table if exists user
Hibernate: create table posts (id bigint not null auto_increment, created_date datetime, modified_date datetime, author varchar(255), content TEXT not null, title varchar(500) not null, primary key (id)) engine=MyISAM
Hibernate: create table user (id bigint not null auto_increment, created_date datetime, modified_date datetime, email varchar(255) not null, name varchar(255) not null, picture varchar(255), role varchar(255) not null, primary key (id)) engine=MyISAM
2020-04-01 02:03:31.280  INFO 48296 --- [    Test worker] o.h.t.schema.internal.SchemaCreatorImpl  : HHH000476: Executing import script 'org.hibernate.tool.schema.internal.exec.ScriptSourceInputNonExistentImpl@2829f501'
2020-04-01 02:03:31.290  INFO 48296 --- [    Test worker] j.LocalContainerEntityManagerFactoryBean : Initialized JPA EntityManagerFactory for persistence unit 'default'
2020-04-01 02:03:33.559  INFO 48296 --- [    Test worker] o.h.h.i.QueryTranslatorFactoryInitiator  : HHH000397: Using ASTQueryTranslatorFactory
2020-04-01 02:03:35.174  INFO 48296 --- [    Test worker] o.s.s.web.DefaultSecurityFilterChain     : Creating filter chain: any request, [org.springframework.security.web.context.request.async.WebAsyncManagerIntegrationFilter@3c9bd154, org.springframework.security.web.context.SecurityContextPersistenceFilter@4555b07c, org.springframework.security.web.header.HeaderWriterFilter@7c96f185, org.springframework.security.web.authentication.logout.LogoutFilter@31242405, org.springframework.security.oauth2.client.web.OAuth2AuthorizationRequestRedirectFilter@4704d13f, org.springframework.security.oauth2.client.web.OAuth2LoginAuthenticationFilter@254124cc, org.springframework.security.web.authentication.ui.DefaultLoginPageGeneratingFilter@9c7503e, org.springframework.security.web.authentication.ui.DefaultLogoutPageGeneratingFilter@9853f91, org.springframework.security.web.savedrequest.RequestCacheAwareFilter@5f49d383, org.springframework.security.web.servletapi.SecurityContextHolderAwareRequestFilter@592e450e, org.springframework.security.web.authentication.AnonymousAuthenticationFilter@a5a5044, org.springframework.security.web.session.SessionManagementFilter@3a660b77, org.springframework.security.web.access.ExceptionTranslationFilter@60e58d46, org.springframework.security.web.access.intercept.FilterSecurityInterceptor@60469414]
2020-04-01 02:03:36.353  INFO 48296 --- [    Test worker] o.s.s.concurrent.ThreadPoolTaskExecutor  : Initializing ExecutorService 'applicationTaskExecutor'
2020-04-01 02:03:36.512  WARN 48296 --- [    Test worker] aWebConfiguration$JpaWebMvcConfiguration : spring.jpa.open-in-view is enabled by default. Therefore, database queries may be performed during view rendering. Explicitly configure spring.jpa.open-in-view to disable this warning
2020-04-01 02:03:36.651  INFO 48296 --- [    Test worker] o.s.b.a.w.s.WelcomePageHandlerMapping    : Adding welcome page template: index
2020-04-01 02:03:37.821  INFO 48296 --- [    Test worker] s.a.ScheduledAnnotationBeanPostProcessor : No TaskScheduler/ScheduledExecutorService bean found for scheduled processing
2020-04-01 02:03:37.972  INFO 48296 --- [    Test worker] o.s.b.w.embedded.tomcat.TomcatWebServer  : Tomcat started on port(s): 6887 (http) with context path ''
2020-04-01 02:03:38.006  INFO 48296 --- [    Test worker] c.o.h.s.web.IndexControllerTest          : Started IndexControllerTest in 25.248 seconds (JVM running for 27.795)
2020-04-01 02:03:38.814  INFO 48296 --- [o-auto-1-exec-1] o.a.c.c.C.[Tomcat].[localhost].[/]       : Initializing Spring DispatcherServlet 'dispatcherServlet'
2020-04-01 02:03:38.814  INFO 48296 --- [o-auto-1-exec-1] o.s.web.servlet.DispatcherServlet        : Initializing Servlet 'dispatcherServlet'
2020-04-01 02:03:38.904  INFO 48296 --- [o-auto-1-exec-1] o.s.web.servlet.DispatcherServlet        : Completed initialization in 90 ms
Hibernate: select posts0_.id as id1_0_, posts0_.created_date as created_2_0_, posts0_.modified_date as modified3_0_, posts0_.author as author4_0_, posts0_.content as content5_0_, posts0_.title as title6_0_ from posts posts0_ order by posts0_.id DESC
]]></system-out>
  <system-err><![CDATA[]]></system-err>
</testsuite>
